<?xml version="1.0" encoding="UTF-8"?>
<testsuite xmlns:xsi="http://www.w3.org/2001/XMLSchema-instance" xsi:noNamespaceSchemaLocation="https://maven.apache.org/surefire/maven-surefire-plugin/xsd/surefire-test-report.xsd" version="3.0.2" name="com.example.spring.AI.LocalAI.LocalAiApplicationTests" time="6.569" tests="1" errors="0" skipped="0" failures="0">
  <properties>
[...]
</properties>
  <testcase name="contextLoads" classname="com.example.spring.AI.LocalAI.LocalAiApplicationTests" time="1.546">
    <system-out><![CDATA[20:35:35.312 [main] INFO org.springframework.test.context.support.AnnotationConfigContextLoaderUtils -- Could not detect default configuration classes for test class [com.example.spring.AI.LocalAI.LocalAiApplicationTests]: LocalAiApplicationTests does not declare any static, non-private, non-final, nested classes annotated with @Configuration.
20:35:35.527 [main] INFO org.springframework.boot.test.context.SpringBootTestContextBootstrapper -- Found @SpringBootConfiguration com.example.spring.AI.LocalAI.LocalAiApplication for test class com.example.spring.AI.LocalAI.LocalAiApplicationTests

  .   ____          _            __ _ _
 /\\ / ___'_ __ _ _(_)_ __  __ _ \ \ \ \
( ( )\___ | '_ | '_| | '_ \/ _` | \ \ \ \
 \\/  ___)| |_)| | | | | || (_| |  ) ) ) )
  '  |____| .__|_| |_|_| |_\__, | / / / /
 =========|_|==============|___/=/_/_/_/

 :: Spring Boot ::                (v3.5.0)

2025-06-26T20:35:36.440+05:30  INFO 19124 --- [LocalSpringAI] [           main] c.e.s.A.LocalAI.LocalAiApplicationTests  : Starting LocalAiApplicationTests using Java 23.0.2 with PID 19124 (started by YashBodhale in E:\LocalSpringAI\LocalSpringAI)
2025-06-26T20:35:36.442+05:30  INFO 19124 --- [LocalSpringAI] [           main] c.e.s.A.LocalAI.LocalAiApplicationTests  : No active profile set, falling back to 1 default profile: "default"
2025-06-26T20:35:39.828+05:30  INFO 19124 --- [LocalSpringAI] [           main] c.e.s.A.LocalAI.LocalAiApplicationTests  : Started LocalAiApplicationTests in 3.962 seconds (process running for 5.753)
]]></system-out>
    <system-err><![CDATA[Mockito is currently self-attaching to enable the inline-mock-maker. This will no longer work in future releases of the JDK. Please add Mockito as an agent to your build as described in Mockito's documentation: https://javadoc.io/doc/org.mockito/mockito-core/latest/org.mockito/org/mockito/Mockito.html#0.3
WARNING: A Java agent has been loaded dynamically (C:\Users\YashBodhale\.m2\repository\net\bytebuddy\byte-buddy-agent\1.17.5\byte-buddy-agent-1.17.5.jar)
WARNING: If a serviceability tool is in use, please run with -XX:+EnableDynamicAgentLoading to hide this warning
WARNING: If a serviceability tool is not in use, please run with -Djdk.instrument.traceUsage for more information
WARNING: Dynamic loading of agents will be disallowed by default in a future release
]]></system-err>
  </testcase>
</testsuite>